BFS:
Path: 5 -> 14 -> 12 -> 11
Time: 0.0000000000 seconds
Memory: 0.8593750000 KB

DFS:
Path: 5 -> 10 -> 0 -> 6 -> 11
Time: 0.0000000000 seconds
Memory: 0.6875000000 KB

UCS:
Path: 5 -> 10 -> 8 -> 9 -> 11
Time: 0.0000000000 seconds
Memory: 8.9296875000 KB

IDS:
Path: 5 -> 14 -> 12 -> 11
Time: 0.0000000000 seconds
Memory: 0.2500000000 KB

GBFS:
Path: 5 -> 10 -> 0 -> 6 -> 11
Time: 0.0000000000 seconds
Memory: 3.8984375000 KB

A_STAR:
Path: 5 -> 10 -> 8 -> 3 -> 11
Time: 0.0000000000 seconds
Memory: 2.5937500000 KB

Hill Climbing:
Path: -1
Time: 0.0000000000 seconds
Memory: 0.1250000000 KB

