BFS:
Path: 62 -> 21 -> 8 -> 89 -> 112 -> 43
Time: 0.0010004044 seconds
Memory: 12.1562500000 KB

DFS:
Path: 62 -> 21 -> 8 -> 20 -> 29 -> 117 -> 51 -> 37 -> 3 -> 52 -> 96 -> 168 -> 34 -> 40 -> 92 -> 46 -> 64 -> 86 -> 23 -> 6 -> 19 -> 24 -> 11 -> 12 -> 161 -> 0 -> 32 -> 31 -> 78 -> 58 -> 5 -> 44 -> 124 -> 30 -> 131 -> 38 -> 17 -> 4 -> 22 -> 74 -> 15 -> 145 -> 50 -> 16 -> 175 -> 84 -> 9 -> 7 -> 13 -> 73 -> 45 -> 104 -> 61 -> 42 -> 56 -> 18 -> 82 -> 114 -> 99 -> 67 -> 27 -> 66 -> 55 -> 65 -> 28 -> 47 -> 10 -> 33 -> 41 -> 115 -> 36 -> 102 -> 140 -> 43
Time: 0.0000000000 seconds
Memory: 78.4531250000 KB

UCS:
Path: 62 -> 70 -> 158 -> 102 -> 140 -> 43
Time: 0.0050330162 seconds
Memory: 90.0546875000 KB

IDS:
Path: 62 -> 195 -> 181 -> 102 -> 140 -> 43
Time: 0.0009999275 seconds
Memory: 0.4062500000 KB

GBFS:
Path: 62 -> 164 -> 72 -> 191 -> 126 -> 51 -> 117 -> 8 -> 89 -> 112 -> 43
Time: 0.0000000000 seconds
Memory: 32.3828125000 KB

A_STAR:
Path: 62 -> 70 -> 158 -> 102 -> 140 -> 43
Time: 0.0144371986 seconds
Memory: 41.4375000000 KB

Hill Climbing:
Path: -1
Time: 0.0000000000 seconds
Memory: 0.1250000000 KB

